# JRE version: Java(TM) SE Runtime Environment (8.0-b132) (build 1.8.0-b132)
# Java VM: Java HotSpot(TM) 64-Bit Server VM (25.0-b70 mixed mode windows-amd64 compressed oops)
Heap:
 PSYoungGen      total 213504K, used 117652K [0x00000000eab00000, 0x00000000fad00000, 0x0000000100000000)
  eden space 162304K, 61% used [0x00000000eab00000,0x00000000f0d3b048,0x00000000f4980000)
  from space 51200K, 33% used [0x00000000f4980000,0x00000000f5a2a1a8,0x00000000f7b80000)
  to   space 49664K, 0% used [0x00000000f7c80000,0x00000000f7c80000,0x00000000fad00000)
 ParOldGen       total 143360K, used 120854K [0x00000000c0000000, 0x00000000c8c00000, 0x00000000eab00000)
  object space 143360K, 84% used [0x00000000c0000000,0x00000000c7605aa0,0x00000000c8c00000)
 Metaspace       used 125289K, capacity 132640K, committed 135808K, reserved 1165312K
  class space    used 16994K, capacity 19536K, committed 20608K, reserved 1048576K
GC Heap History (10 events):
Event: 7072.363 GC heap before
{Heap before GC invocations=94 (full 22):
 PSYoungGen      total 210432K, used 177015K [0x00000000eab00000, 0x00000000fa800000, 0x0000000100000000)
  eden space 160256K, 100% used [0x00000000eab00000,0x00000000f4780000,0x00000000f4780000)
  from space 50176K, 33% used [0x00000000f4780000,0x00000000f57ddc00,0x00000000f7880000)
  to   space 48640K, 0% used [0x00000000f7880000,0x00000000f7880000,0x00000000fa800000)
 ParOldGen       total 143360K, used 101008K [0x00000000c0000000, 0x00000000c8c00000, 0x00000000eab00000)
  object space 143360K, 70% used [0x00000000c0000000,0x00000000c62a4108,0x00000000c8c00000)
 Metaspace       used 113343K, capacity 119540K, committed 123776K, reserved 1153024K
  class space    used 15320K, capacity 17467K, committed 19328K, reserved 1048576K
Event: 7072.426 GC heap after
Heap after GC invocations=94 (full 22):
 PSYoungGen      total 204288K, used 21776K [0x00000000eab00000, 0x00000000fa280000, 0x0000000100000000)
  eden space 161280K, 0% used [0x00000000eab00000,0x00000000eab00000,0x00000000f4880000)
  from space 43008K, 50% used [0x00000000f7880000,0x00000000f8dc41c0,0x00000000fa280000)
  to   space 46080K, 0% used [0x00000000f4880000,0x00000000f4880000,0x00000000f7580000)
 ParOldGen       total 143360K, used 101008K [0x00000000c0000000, 0x00000000c8c00000, 0x00000000eab00000)
  object space 143360K, 70% used [0x00000000c0000000,0x00000000c62a4108,0x00000000c8c00000)
 Metaspace       used 113343K, capacity 119540K, committed 123776K, reserved 1153024K
  class space    used 15320K, capacity 17467K, committed 19328K, reserved 1048576K
}
Event: 7073.623 GC heap before
{Heap before GC invocations=95 (full 22):
 PSYoungGen      total 204288K, used 183056K [0x00000000eab00000, 0x00000000fa280000, 0x0000000100000000)
  eden space 161280K, 100% used [0x00000000eab00000,0x00000000f4880000,0x00000000f4880000)
  from space 43008K, 50% used [0x00000000f7880000,0x00000000f8dc41c0,0x00000000fa280000)
  to   space 46080K, 0% used [0x00000000f4880000,0x00000000f4880000,0x00000000f7580000)
 ParOldGen       total 143360K, used 101008K [0x00000000c0000000, 0x00000000c8c00000, 0x00000000eab00000)
  object space 143360K, 70% used [0x00000000c0000000,0x00000000c62a4108,0x00000000c8c00000)
 Metaspace       used 117665K, capacity 124494K, committed 127872K, reserved 1157120K
  class space    used 15944K, capacity 18376K, committed 19584K, reserved 1048576K
Event: 7073.658 GC heap after
Heap after GC invocations=95 (full 22):
 PSYoungGen      total 207360K, used 36268K [0x00000000eab00000, 0x00000000fab80000, 0x0000000100000000)
  eden space 161280K, 0% used [0x00000000eab00000,0x00000000eab00000,0x00000000f4880000)
  from space 46080K, 78% used [0x00000000f4880000,0x00000000f6beb0d0,0x00000000f7580000)
  to   space 49152K, 0% used [0x00000000f7b80000,0x00000000f7b80000,0x00000000fab80000)
 ParOldGen       total 143360K, used 101016K [0x00000000c0000000, 0x00000000c8c00000, 0x00000000eab00000)
  object space 143360K, 70% used [0x00000000c0000000,0x00000000c62a6108,0x00000000c8c00000)
 Metaspace       used 117665K, capacity 124494K, committed 127872K, reserved 1157120K
  class space    used 15944K, capacity 18376K, committed 19584K, reserved 1048576K
}
Event: 7074.235 GC heap before
{Heap before GC invocations=96 (full 22):
 PSYoungGen      total 207360K, used 91486K [0x00000000eab00000, 0x00000000fab80000, 0x0000000100000000)
  eden space 161280K, 34% used [0x00000000eab00000,0x00000000ee0ec830,0x00000000f4880000)
  from space 46080K, 78% used [0x00000000f4880000,0x00000000f6beb0d0,0x00000000f7580000)
  to   space 49152K, 0% used [0x00000000f7b80000,0x00000000f7b80000,0x00000000fab80000)
 ParOldGen       total 143360K, used 101016K [0x00000000c0000000, 0x00000000c8c00000, 0x00000000eab00000)
  object space 143360K, 70% used [0x00000000c0000000,0x00000000c62a6108,0x00000000c8c00000)
 Metaspace       used 119575K, capacity 126527K, committed 129664K, reserved 1159168K
  class space    used 16261K, capacity 18684K, committed 19840K, reserved 1048576K
Event: 7074.275 GC heap after
Heap after GC invocations=96 (full 22):
 PSYoungGen      total 211456K, used 36444K [0x00000000eab00000, 0x00000000faf80000, 0x0000000100000000)
  eden space 162304K, 0% used [0x00000000eab00000,0x00000000eab00000,0x00000000f4980000)
  from space 49152K, 74% used [0x00000000f7b80000,0x00000000f9f173b0,0x00000000fab80000)
  to   space 51200K, 0% used [0x00000000f4980000,0x00000000f4980000,0x00000000f7b80000)
 ParOldGen       total 143360K, used 101024K [0x00000000c0000000, 0x00000000c8c00000, 0x00000000eab00000)
  object space 143360K, 70% used [0x00000000c0000000,0x00000000c62a8108,0x00000000c8c00000)
 Metaspace       used 119575K, capacity 126527K, committed 129664K, reserved 1159168K
  class space    used 16261K, capacity 18684K, committed 19840K, reserved 1048576K
}
Event: 7074.275 GC heap before
{Heap before GC invocations=97 (full 23):
 PSYoungGen      total 211456K, used 36444K [0x00000000eab00000, 0x00000000faf80000, 0x0000000100000000)
  eden space 162304K, 0% used [0x00000000eab00000,0x00000000eab00000,0x00000000f4980000)
  from space 49152K, 74% used [0x00000000f7b80000,0x00000000f9f173b0,0x00000000fab80000)
  to   space 51200K, 0% used [0x00000000f4980000,0x00000000f4980000,0x00000000f7b80000)
 ParOldGen       total 143360K, used 101024K [0x00000000c0000000, 0x00000000c8c00000, 0x00000000eab00000)
  object space 143360K, 70% used [0x00000000c0000000,0x00000000c62a8108,0x00000000c8c00000)
 Metaspace       used 119575K, capacity 126527K, committed 129664K, reserved 1159168K
  class space    used 16261K, capacity 18684K, committed 19840K, reserved 1048576K
Event: 7074.757 GC heap after
Heap after GC invocations=97 (full 23):
 PSYoungGen      total 211456K, used 0K [0x00000000eab00000, 0x00000000faf80000, 0x0000000100000000)
  eden space 162304K, 0% used [0x00000000eab00000,0x00000000eab00000,0x00000000f4980000)
  from space 49152K, 0% used [0x00000000f7b80000,0x00000000f7b80000,0x00000000fab80000)
  to   space 51200K, 0% used [0x00000000f4980000,0x00000000f4980000,0x00000000f7b80000)
 ParOldGen       total 143360K, used 120846K [0x00000000c0000000, 0x00000000c8c00000, 0x00000000eab00000)
  object space 143360K, 84% used [0x00000000c0000000,0x00000000c7603aa0,0x00000000c8c00000)
 Metaspace       used 119091K, capacity 125523K, committed 129664K, reserved 1159168K
  class space    used 16064K, capacity 18303K, committed 19840K, reserved 1048576K
}
Event: 7100.505 GC heap before
{Heap before GC invocations=98 (full 23):
 PSYoungGen      total 211456K, used 162304K [0x00000000eab00000, 0x00000000faf80000, 0x0000000100000000)
  eden space 162304K, 100% used [0x00000000eab00000,0x00000000f4980000,0x00000000f4980000)
  from space 49152K, 0% used [0x00000000f7b80000,0x00000000f7b80000,0x00000000fab80000)
  to   space 51200K, 0% used [0x00000000f4980000,0x00000000f4980000,0x00000000f7b80000)
 ParOldGen       total 143360K, used 120846K [0x00000000c0000000, 0x00000000c8c00000, 0x00000000eab00000)
  object space 143360K, 84% used [0x00000000c0000000,0x00000000c7603aa0,0x00000000c8c00000)
 Metaspace       used 123359K, capacity 130553K, committed 133760K, reserved 1163264K
  class space    used 16680K, capacity 19212K, committed 20352K, reserved 1048576K
Event: 7100.524 GC heap after
Heap after GC invocations=98 (full 23):
 PSYoungGen      total 213504K, used 17064K [0x00000000eab00000, 0x00000000fad00000, 0x0000000100000000)
  eden space 162304K, 0% used [0x00000000eab00000,0x00000000eab00000,0x00000000f4980000)
  from space 51200K, 33% used [0x00000000f4980000,0x00000000f5a2a1a8,0x00000000f7b80000)
  to   space 49664K, 0% used [0x00000000f7c80000,0x00000000f7c80000,0x00000000fad00000)
 ParOldGen       total 143360K, used 120854K [0x00000000c0000000, 0x00000000c8c00000, 0x00000000eab00000)
  object space 143360K, 84% used [0x00000000c0000000,0x00000000c7605aa0,0x00000000c8c00000)
 Metaspace       used 123359K, capacity 130553K, committed 133760K, reserved 1163264K
  class space    used 16680K, capacity 19212K, committed 20352K, reserved 1048576K
}

